[13:42:24] [main/INFO]: Loading Minecraft 26.1.2 with Fabric Loader 0.19.2
[13:42:24] [main/INFO]: Mappings not present!
[13:42:24] [main/INFO]: Loading 4 mods:
	- fabricloader 0.19.2
	   \-- mixinextras 0.5.4
	- java 25
	- minecraft 26.1.2
[13:42:24] [main/INFO]: SpongePowered MIXIN Subsystem Version=0.8.7 Source=file:/workspaces/Minecrafteros-/servidor_minecraft/libraries/net/fabricmc/sponge-mixin/0.17.2+mixin.0.8.7/sponge-mixin-0.17.2+mixin.0.8.7.jar Service=Knot/Fabric Env=SERVER
[13:42:29] [main/INFO]: Environment: Environment[sessionHost=https://sessionserver.mojang.com, servicesHost=https://api.minecraftservices.com, profilesHost=https://api.mojang.com, name=PROD]
[13:42:31] [main/INFO]: Loaded 1515 recipes
[13:42:31] [main/INFO]: Loaded 1617 advancements
[13:42:31] [Server thread/INFO]: Starting minecraft server version 26.1.2
[13:42:31] [Server thread/INFO]: Loading properties
[13:42:31] [Server thread/INFO]: Default game type: SURVIVAL
[13:42:31] [Server thread/INFO]: Generating keypair
[13:42:32] [Server thread/INFO]: Starting Minecraft server on *:25565
[13:42:32] [Server thread/WARN]: **** SERVER IS RUNNING IN OFFLINE/INSECURE MODE!
[13:42:32] [Server thread/WARN]: The server will make no attempt to authenticate usernames. Beware.
[13:42:32] [Server thread/WARN]: While this makes the game possible to play without internet access, it also opens up the ability for hackers to connect with any username they choose.
[13:42:32] [Server thread/WARN]: To change this, set "online-mode" to "true" in the server.properties file.
[13:42:32] [Server thread/INFO]: Preparing level "world"
[13:42:32] [Server thread/INFO]: Loading 0 persistent chunks...
[13:42:32] [Server thread/INFO]: Preparing spawn area: 100%
[13:42:32] [Server thread/INFO]: Time elapsed: 14 ms
[13:42:32] [Server thread/INFO]: Done (0.313s)! For help, type "help"
[13:42:32] [Server thread/INFO]: Saving chunks for level 'ServerLevel[world]'/minecraft:overworld
[13:42:32] [Server thread/INFO]: Saving chunks for level 'ServerLevel[world]'/minecraft:the_end
[13:42:32] [Server thread/INFO]: Saving chunks for level 'ServerLevel[world]'/minecraft:the_nether
[13:42:32] [Server thread/INFO]: ThreadedAnvilChunkStorage (world): All chunks are saved
[13:42:32] [Server thread/INFO]: ThreadedAnvilChunkStorage (DIM1): All chunks are saved
[13:42:32] [Server thread/INFO]: ThreadedAnvilChunkStorage (DIM-1): All chunks are saved
[13:42:32] [Server thread/INFO]: ThreadedAnvilChunkStorage: All dimensions are saved
[13:43:32] [Server thread/INFO]: Server empty for 60 seconds, pausing
[13:51:50] [Server thread/INFO]: Stopping the server
[13:51:50] [Server thread/INFO]: Stopping server
[13:51:50] [Server thread/INFO]: Saving players
[13:51:50] [Server thread/INFO]: Saving worlds
[13:51:50] [Server thread/INFO]: Saving chunks for level 'ServerLevel[world]'/minecraft:overworld
[13:51:50] [Server thread/INFO]: Saving chunks for level 'ServerLevel[world]'/minecraft:the_end
[13:51:50] [Server thread/INFO]: Saving chunks for level 'ServerLevel[world]'/minecraft:the_nether
[13:51:50] [Server thread/INFO]: ThreadedAnvilChunkStorage (world): All chunks are saved
[13:51:50] [Server thread/INFO]: ThreadedAnvilChunkStorage (DIM1): All chunks are saved
[13:51:50] [Server thread/INFO]: ThreadedAnvilChunkStorage (DIM-1): All chunks are saved
[13:51:50] [Server thread/INFO]: ThreadedAnvilChunkStorage: All dimensions are saved
